Build started 28/05/2018 15:19:28.
     1>Project "C:\Users\CXXXV\Documents\Project\vs\interop\interop\interop.vcxproj" on node 2 (Build target(s)).
     1>C:\Program Files (x86)\MSBuild\Microsoft.Cpp\v4.0\V120\Microsoft.CppBuild.targets(388,5): warning MSB8028: The intermediate directory (Debug\) contains files shared from another project (interop.vcxproj).  This can lead to incorrect clean and rebuild behavior.
     1>InitializeBuildStatus:
         Creating "Debug\sim.tlog\unsuccessfulbuild" because "AlwaysCreate" was specified.
       AddCudaCompileDeps:
         C:\Program Files (x86)\Microsoft Visual Studio 12.0\VC\bin\cl.exe /E /nologo /showIncludes /TP /D__CUDACC__ /DWIN32 /D_DEBUG /D_CONSOLE /D_MBCS /I"C:\Program Files\NVIDIA GPU Computing Toolkit\CUDA\v8.0\include" /I"C:\Program Files\NVIDIA GPU Computing Toolkit\CUDA\v8.0\bin" /I"C:\Program Files\NVIDIA GPU Computing Toolkit\CUDA\v8.0\include" /I. /FIcuda_runtime.h /c C:\Users\CXXXV\Documents\Project\vs\interop\interop\homemadeSim.cu 
       AddCudaCompileDeps:
       Skipping target "AddCudaCompileDeps" because all output files are up-to-date with respect to the input files.
       AddCudaCompileDeps:
       Skipping target "AddCudaCompileDeps" because all output files are up-to-date with respect to the input files.
       AddCudaCompileDeps:
       Skipping target "AddCudaCompileDeps" because all output files are up-to-date with respect to the input files.
       AddCudaCompilePropsDeps:
       Skipping target "AddCudaCompilePropsDeps" because all output files are up-to-date with respect to the input files.
       AddCudaCompilePropsDeps:
       Skipping target "AddCudaCompilePropsDeps" because all output files are up-to-date with respect to the input files.
       AddCudaCompilePropsDeps:
       Skipping target "AddCudaCompilePropsDeps" because all output files are up-to-date with respect to the input files.
       AddCudaCompilePropsDeps:
       Skipping target "AddCudaCompilePropsDeps" because all output files are up-to-date with respect to the input files.
     1>Project "C:\Users\CXXXV\Documents\Project\vs\interop\interop\interop.vcxproj" (1) is building "C:\Users\CXXXV\Documents\Project\vs\interop\interop\interop.vcxproj" (1:2) on node 2 (CudaBuildCore target(s)).
     1>CudaBuildCore:
         Compiling CUDA source file homemadeSim.cu...
     1>Project "C:\Users\CXXXV\Documents\Project\vs\interop\interop\interop.vcxproj" (1) is building "C:\Users\CXXXV\Documents\Project\vs\interop\interop\interop.vcxproj" (1:3) on node 1 (CudaBuildCore target(s)).
     1>CudaBuildCore:
       Skipping target "CudaBuildCore" because all output files are up-to-date with respect to the input files.
     1>Done Building Project "C:\Users\CXXXV\Documents\Project\vs\interop\interop\interop.vcxproj" (CudaBuildCore target(s)).
     1>Project "C:\Users\CXXXV\Documents\Project\vs\interop\interop\interop.vcxproj" (1) is building "C:\Users\CXXXV\Documents\Project\vs\interop\interop\interop.vcxproj" (1:4) on node 3 (CudaBuildCore target(s)).
     1>CudaBuildCore:
       Skipping target "CudaBuildCore" because all output files are up-to-date with respect to the input files.
     1>Done Building Project "C:\Users\CXXXV\Documents\Project\vs\interop\interop\interop.vcxproj" (CudaBuildCore target(s)).
     1>Project "C:\Users\CXXXV\Documents\Project\vs\interop\interop\interop.vcxproj" (1) is building "C:\Users\CXXXV\Documents\Project\vs\interop\interop\interop.vcxproj" (1:5) on node 4 (CudaBuildCore target(s)).
     1>CudaBuildCore:
       Skipping target "CudaBuildCore" because all output files are up-to-date with respect to the input files.
     1>Done Building Project "C:\Users\CXXXV\Documents\Project\vs\interop\interop\interop.vcxproj" (CudaBuildCore target(s)).
     1>CudaBuildCore:
         cmd.exe /C "C:\Users\CXXXV\AppData\Local\Temp\tmp5974f5380bde43c78c970e46f983b1c0.cmd"
         "C:\Program Files\NVIDIA GPU Computing Toolkit\CUDA\v8.0\bin\nvcc.exe" -gencode=arch=compute_20,code=\"sm_20,compute_20\" --use-local-env --cl-version 2013 -ccbin "C:\Program Files (x86)\Microsoft Visual Studio 12.0\VC\bin" -rdc=true -I"C:\Program Files\NVIDIA GPU Computing Toolkit\CUDA\v8.0\include" -I"C:\Program Files\NVIDIA GPU Computing Toolkit\CUDA\v8.0\include"  -G   --keep-dir Debug -maxrregcount=0  --machine 32 --compile -cudart static  -g   -DWIN32 -D_DEBUG -D_CONSOLE -D_MBCS -Xcompiler "/EHsc /W3 /nologo /Od /FS /Zi /RTC1 /MDd " -o Debug\homemadeSim.cu.obj "C:\Users\CXXXV\Documents\Project\vs\interop\interop\homemadeSim.cu"
         
         C:\Users\CXXXV\Documents\Project\vs\interop\interop>"C:\Program Files\NVIDIA GPU Computing Toolkit\CUDA\v8.0\bin\nvcc.exe" -gencode=arch=compute_20,code=\"sm_20,compute_20\" --use-local-env --cl-version 2013 -ccbin "C:\Program Files (x86)\Microsoft Visual Studio 12.0\VC\bin" -rdc=true -I"C:\Program Files\NVIDIA GPU Computing Toolkit\CUDA\v8.0\include" -I"C:\Program Files\NVIDIA GPU Computing Toolkit\CUDA\v8.0\include"  -G   --keep-dir Debug -maxrregcount=0  --machine 32 --compile -cudart static  -g   -DWIN32 -D_DEBUG -D_CONSOLE -D_MBCS -Xcompiler "/EHsc /W3 /nologo /Od /FS /Zi /RTC1 /MDd " -o Debug\homemadeSim.cu.obj "C:\Users\CXXXV\Documents\Project\vs\interop\interop\homemadeSim.cu" 
     1>CUDACOMPILE : nvcc warning : The 'compute_20', 'sm_20', and 'sm_21' architectures are deprecated, and may be removed in a future release (Use -Wno-deprecated-gpu-targets to suppress warning).
         homemadeSim.cu
     1>C:/Users/CXXXV/Documents/Project/vs/interop/interop/homemadeSim.cu(89): warning C4244: '=' : conversion from 'int' to 'float', possible loss of data
     1>C:/Users/CXXXV/Documents/Project/vs/interop/interop/homemadeSim.cu(90): warning C4244: '=' : conversion from 'int' to 'float', possible loss of data
     1>C:/Users/CXXXV/Documents/Project/vs/interop/interop/homemadeSim.cu(102): warning C4244: 'argument' : conversion from 'time_t' to 'unsigned int', possible loss of data
     1>C:/Users/CXXXV/Documents/Project/vs/interop/interop/homemadeSim.cu(105): warning C4244: '=' : conversion from 'int' to 'float', possible loss of data
     1>C:/Users/CXXXV/Documents/Project/vs/interop/interop/homemadeSim.cu(106): warning C4244: '=' : conversion from 'int' to 'float', possible loss of data
     1>C:/Users/CXXXV/Documents/Project/vs/interop/interop/homemadeSim.cu(122): warning C4244: 'initializing' : conversion from 'float' to 'int', possible loss of data
     1>C:/Users/CXXXV/Documents/Project/vs/interop/interop/homemadeSim.cu(123): warning C4244: 'initializing' : conversion from 'float' to 'int', possible loss of data
     1>C:/Users/CXXXV/Documents/Project/vs/interop/interop/homemadeSim.cu(126): warning C4244: 'initializing' : conversion from 'float' to 'int', possible loss of data
     1>C:/Users/CXXXV/Documents/Project/vs/interop/interop/homemadeSim.cu(127): warning C4244: 'initializing' : conversion from 'float' to 'int', possible loss of data
     1>C:/Users/CXXXV/Documents/Project/vs/interop/interop/homemadeSim.cu(131): warning C4244: 'initializing' : conversion from 'double' to 'int', possible loss of data
     1>C:/Users/CXXXV/Documents/Project/vs/interop/interop/homemadeSim.cu(217): warning C4305: 'initializing' : truncation from 'double' to 'float'
     1>C:/Users/CXXXV/Documents/Project/vs/interop/interop/homemadeSim.cu(462): warning C4305: '=' : truncation from 'double' to 'float'
     1>Done Building Project "C:\Users\CXXXV\Documents\Project\vs\interop\interop\interop.vcxproj" (CudaBuildCore target(s)).
     1>CudaLink:
         cmd.exe /C "C:\Users\CXXXV\AppData\Local\Temp\tmpcf5c14bfa8594b0faae34d2570562b81.cmd"
         "C:\Program Files\NVIDIA GPU Computing Toolkit\CUDA\v8.0\bin\nvcc.exe" -dlink -o Debug\sim.device-link.obj -Xcompiler "/EHsc /W3 /nologo /Od /Zi /RTC1 /MDd " -Lfreeglut -Lglew -L"C:\Program Files\NVIDIA GPU Computing Toolkit\CUDA\v8.0\lib\Win32" cudart.lib kernel32.lib user32.lib gdi32.lib winspool.lib comdlg32.lib advapi32.lib shell32.lib ole32.lib oleaut32.lib uuid.lib odbc32.lib odbccp32.lib opengl32.lib freeglut.lib glew32.lib  -gencode=arch=compute_20,code=sm_20 -G --machine 32 Debug\homemadeSim.cu.obj Debug\kernel.cu.obj Debug\particle.cu.obj Debug\particle_driver.cu.obj
         
         C:\Users\CXXXV\Documents\Project\vs\interop\interop>"C:\Program Files\NVIDIA GPU Computing Toolkit\CUDA\v8.0\bin\nvcc.exe" -dlink -o Debug\sim.device-link.obj -Xcompiler "/EHsc /W3 /nologo /Od /Zi /RTC1 /MDd " -Lfreeglut -Lglew -L"C:\Program Files\NVIDIA GPU Computing Toolkit\CUDA\v8.0\lib\Win32" cudart.lib kernel32.lib user32.lib gdi32.lib winspool.lib comdlg32.lib advapi32.lib shell32.lib ole32.lib oleaut32.lib uuid.lib odbc32.lib odbccp32.lib opengl32.lib freeglut.lib glew32.lib  -gencode=arch=compute_20,code=sm_20 -G --machine 32 Debug\homemadeSim.cu.obj Debug\kernel.cu.obj Debug\particle.cu.obj Debug\particle_driver.cu.obj 
     1>CUDALINK : nvcc warning : The 'compute_20', 'sm_20', and 'sm_21' architectures are deprecated, and may be removed in a future release (Use -Wno-deprecated-gpu-targets to suppress warning).
         cudart.lib
         kernel32.lib
         user32.lib
         gdi32.lib
         winspool.lib
         comdlg32.lib
         advapi32.lib
         shell32.lib
         ole32.lib
         oleaut32.lib
         uuid.lib
         odbc32.lib
         odbccp32.lib
         opengl32.lib
         freeglut.lib
         glew32.lib
         homemadeSim.cu.obj
         kernel.cu.obj
         particle.cu.obj
         particle_driver.cu.obj
       Link:
         C:\Program Files (x86)\Microsoft Visual Studio 12.0\VC\bin\link.exe /ERRORREPORT:PROMPT /OUT:"C:\Users\CXXXV\Documents\Project\vs\interop\Debug\sim.exe" /INCREMENTAL /NOLOGO /LIBPATH:freeglut /LIBPATH:glew /LIBPATH:"C:\Program Files\NVIDIA GPU Computing Toolkit\CUDA\v8.0\lib\Win32" cudart.lib kernel32.lib user32.lib gdi32.lib winspool.lib comdlg32.lib advapi32.lib shell32.lib ole32.lib oleaut32.lib uuid.lib odbc32.lib odbccp32.lib opengl32.lib freeglut.lib glew32.lib kernel32.lib user32.lib gdi32.lib winspool.lib comdlg32.lib advapi32.lib shell32.lib ole32.lib oleaut32.lib uuid.lib odbc32.lib odbccp32.lib /MANIFEST /MANIFESTUAC:"level='asInvoker' uiAccess='false'" /manifest:embed /DEBUG /PDB:"C:\Users\CXXXV\Documents\Project\vs\interop\Debug\sim.pdb" /SUBSYSTEM:CONSOLE /TLBID:1 /DYNAMICBASE /NXCOMPAT /IMPLIB:"C:\Users\CXXXV\Documents\Project\vs\interop\Debug\sim.lib" /MACHINE:X86 Debug\homemadeSim.cu.obj
         Debug\kernel.cu.obj
         Debug\particle.cu.obj
         Debug\particle_driver.cu.obj
         "Debug\sim.device-link.obj"
         interop.vcxproj -> C:\Users\CXXXV\Documents\Project\vs\interop\Debug\sim.exe
       PostBuildEvent:
         echo copy "C:\Program Files\NVIDIA GPU Computing Toolkit\CUDA\v8.0\bin\cudart*.dll" "C:\Users\CXXXV\Documents\Project\vs\interop\Debug\"
         copy "C:\Program Files\NVIDIA GPU Computing Toolkit\CUDA\v8.0\bin\cudart*.dll" "C:\Users\CXXXV\Documents\Project\vs\interop\Debug\"
         :VCEnd
         copy "C:\Program Files\NVIDIA GPU Computing Toolkit\CUDA\v8.0\bin\cudart*.dll" "C:\Users\CXXXV\Documents\Project\vs\interop\Debug\"
         C:\Program Files\NVIDIA GPU Computing Toolkit\CUDA\v8.0\bin\cudart32_80.dll
         C:\Program Files\NVIDIA GPU Computing Toolkit\CUDA\v8.0\bin\cudart64_80.dll
                 2 file(s) copied.
       FinalizeBuildStatus:
         Deleting file "Debug\sim.tlog\unsuccessfulbuild".
         Touching "Debug\sim.tlog\sim.lastbuildstate".
     1>Done Building Project "C:\Users\CXXXV\Documents\Project\vs\interop\interop\interop.vcxproj" (Build target(s)).

Build succeeded.

Time Elapsed 00:00:15.92
